<?xml version="1.0" encoding="UTF-8"?>
<testng-results ignored="0" total="1" passed="1" failed="0" skipped="0">
  <reporter-output>
  </reporter-output>
  <suite started-at="2024-12-01T15:30:07 IST" name="Default suite" finished-at="2024-12-01T15:30:34 IST" duration-ms="26988">
    <groups>
    </groups>
    <test started-at="2024-12-01T15:30:07 IST" name="Default test" finished-at="2024-12-01T15:30:34 IST" duration-ms="26988">
      <class name="com.tutorialpoint.qa.testcases.FBLoginPractice">
        <test-method is-config="true" signature="SetUp()[pri:0, instance:com.tutorialpoint.qa.testcases.FBLoginPractice@c05fddc]" started-at="2024-12-01T15:30:08 IST" name="SetUp" finished-at="2024-12-01T15:30:28 IST" duration-ms="20747" status="PASS">
          <reporter-output>
          </reporter-output>
        </test-method> <!-- SetUp -->
        <test-method signature="facebooklogin()[pri:0, instance:com.tutorialpoint.qa.testcases.FBLoginPractice@c05fddc]" started-at="2024-12-01T15:30:28 IST" name="facebooklogin" finished-at="2024-12-01T15:30:32 IST" duration-ms="3983" status="PASS">
          <reporter-output>
          </reporter-output>
        </test-method> <!-- facebooklogin -->
        <test-method is-config="true" signature="TearDown()[pri:0, instance:com.tutorialpoint.qa.testcases.FBLoginPractice@c05fddc]" started-at="2024-12-01T15:30:32 IST" name="TearDown" finished-at="2024-12-01T15:30:34 IST" duration-ms="1916" status="PASS">
          <reporter-output>
          </reporter-output>
        </test-method> <!-- TearDown -->
      </class> <!-- com.tutorialpoint.qa.testcases.FBLoginPractice -->
    </test> <!-- Default test -->
  </suite> <!-- Default suite -->
</testng-results>
